<?xml version="1.0" encoding="UTF-8"?>
<!-- Generated by org.testng.reporters.JUnitXMLReporter -->
<testsuite ignored="0" hostname="DESKTOP-97R2585" failures="0" tests="7" name="Command line test" time="3.474" errors="0" timestamp="2023-05-07T00:47:39 IST">
  <testcase classname="testCases.BaseClass" name="@BeforeClass setup" time="-1.683400656418E9">
    <failure type="org.testng.TestNGException" message="
Parameter &amp;apos;Browser&amp;apos; is required by BeforeClass on method setup but has not been marked @Optional or defined
">
      <![CDATA[org.testng.TestNGException: 
Parameter 'Browser' is required by BeforeClass on method setup but has not been marked @Optional or defined

at java.base/java.util.ArrayList.forEach(ArrayList.java:1511)
... Removed 30 stack frames]]>
    </failure>
  </testcase> <!-- @BeforeClass setup -->
  <testcase classname="testCases.BaseClass" name="@BeforeClass setup" time="-1.68340065649E9">
    <failure type="org.testng.TestNGException" message="
Parameter &amp;apos;Browser&amp;apos; is required by BeforeClass on method setup but has not been marked @Optional or defined
">
      <![CDATA[org.testng.TestNGException: 
Parameter 'Browser' is required by BeforeClass on method setup but has not been marked @Optional or defined

at java.base/java.util.ArrayList.forEach(ArrayList.java:1511)
... Removed 30 stack frames]]>
    </failure>
  </testcase> <!-- @BeforeClass setup -->
  <testcase classname="testCases.BaseClass" name="@BeforeClass setup" time="-1.683400656495E9">
    <failure type="org.testng.TestNGException" message="
Parameter &amp;apos;Browser&amp;apos; is required by BeforeClass on method setup but has not been marked @Optional or defined
">
      <![CDATA[org.testng.TestNGException: 
Parameter 'Browser' is required by BeforeClass on method setup but has not been marked @Optional or defined

at java.base/java.util.ArrayList.forEach(ArrayList.java:1511)
... Removed 30 stack frames]]>
    </failure>
  </testcase> <!-- @BeforeClass setup -->
  <testcase classname="testCases.TC_001_AccountRegistrationTest" name="test_account_Registration" time="0.0">
    <skipped/>
  </testcase> <!-- test_account_Registration -->
  <testcase classname="testCases.TC_002_LoginTest" name="test_login" time="0.0">
    <skipped/>
  </testcase> <!-- test_login -->
  <testcase classname="testCases.TC_003_LoginTest" name="test_loginDDT" time="0.0">
    <skipped/>
  </testcase> <!-- test_loginDDT -->
  <testcase classname="testCases.TC_003_LoginTest" name="test_loginDDT" time="0.0">
    <skipped/>
  </testcase> <!-- test_loginDDT -->
  <testcase classname="testCases.TC_003_LoginTest" name="test_loginDDT" time="0.0">
    <skipped/>
  </testcase> <!-- test_loginDDT -->
  <testcase classname="testCases.TC_003_LoginTest" name="test_loginDDT" time="0.001">
    <skipped/>
  </testcase> <!-- test_loginDDT -->
  <testcase classname="testCases.TC_003_LoginTest" name="test_loginDDT" time="0.001">
    <skipped/>
  </testcase> <!-- test_loginDDT -->
</testsuite> <!-- Command line test -->
